This is pdfTeX, Version 3.141592653-2.6-1.40.25 (TeX Live 2023) (preloaded format=pdflatex 2023.6.5)  10 FEB 2026 22:58
entering extended mode
 restricted \write18 enabled.
 file:line:error style messages enabled.
 %&-line parsing enabled.
**Project1Update.tex
(./Project1Update.tex
LaTeX2e <2022-11-01> patch level 1
L3 programming layer <2023-05-22>
(c:/texlive/2023/texmf-dist/tex/latex/base/article.cls
Document Class: article 2022/07/02 v1.4n Standard LaTeX document class
(c:/texlive/2023/texmf-dist/tex/latex/base/size10.clo
File: size10.clo 2022/07/02 v1.4n Standard LaTeX file (size option)
)
\c@part=\count185
\c@section=\count186
\c@subsection=\count187
\c@subsubsection=\count188
\c@paragraph=\count189
\c@subparagraph=\count190
\c@figure=\count191
\c@table=\count192
\abovecaptionskip=\skip48
\belowcaptionskip=\skip49
\bibindent=\dimen140
)
(c:/texlive/2023/texmf-dist/tex/latex/graphics/graphicx.sty
Package: graphicx 2021/09/16 v1.2d Enhanced LaTeX Graphics (DPC,SPQR)

(c:/texlive/2023/texmf-dist/tex/latex/graphics/keyval.sty
Package: keyval 2022/05/29 v1.15 key=value parser (DPC)
\KV@toks@=\toks16
)
(c:/texlive/2023/texmf-dist/tex/latex/graphics/graphics.sty
Package: graphics 2022/03/10 v1.4e Standard LaTeX Graphics (DPC,SPQR)

(c:/texlive/2023/texmf-dist/tex/latex/graphics/trig.sty
Package: trig 2021/08/11 v1.11 sin cos tan (DPC)
)
(c:/texlive/2023/texmf-dist/tex/latex/graphics-cfg/graphics.cfg
File: graphics.cfg 2016/06/04 v1.11 sample graphics configuration
)
Package graphics Info: Driver file: pdftex.def on input line 107.

(c:/texlive/2023/texmf-dist/tex/latex/graphics-def/pdftex.def
File: pdftex.def 2022/09/22 v1.2b Graphics/color driver for pdftex
))
\Gin@req@height=\dimen141
\Gin@req@width=\dimen142
)
(c:/texlive/2023/texmf-dist/tex/latex/amsmath/amsmath.sty
Package: amsmath 2022/04/08 v2.17n AMS math features
\@mathmargin=\skip50

For additional information on amsmath, use the `?' option.
(c:/texlive/2023/texmf-dist/tex/latex/amsmath/amstext.sty
Package: amstext 2021/08/26 v2.01 AMS text

(c:/texlive/2023/texmf-dist/tex/latex/amsmath/amsgen.sty
File: amsgen.sty 1999/11/30 v2.0 generic functions
\@emptytoks=\toks17
\ex@=\dimen143
))
(c:/texlive/2023/texmf-dist/tex/latex/amsmath/amsbsy.sty
Package: amsbsy 1999/11/29 v1.2d Bold Symbols
\pmbraise@=\dimen144
)
(c:/texlive/2023/texmf-dist/tex/latex/amsmath/amsopn.sty
Package: amsopn 2022/04/08 v2.04 operator names
)
\inf@bad=\count193
LaTeX Info: Redefining \frac on input line 234.
\uproot@=\count194
\leftroot@=\count195
LaTeX Info: Redefining \overline on input line 399.
LaTeX Info: Redefining \colon on input line 410.
\classnum@=\count196
\DOTSCASE@=\count197
LaTeX Info: Redefining \ldots on input line 496.
LaTeX Info: Redefining \dots on input line 499.
LaTeX Info: Redefining \cdots on input line 620.
\Mathstrutbox@=\box51
\strutbox@=\box52
LaTeX Info: Redefining \big on input line 722.
LaTeX Info: Redefining \Big on input line 723.
LaTeX Info: Redefining \bigg on input line 724.
LaTeX Info: Redefining \Bigg on input line 725.
\big@size=\dimen145
LaTeX Font Info:    Redeclaring font encoding OML on input line 743.
LaTeX Font Info:    Redeclaring font encoding OMS on input line 744.
\macc@depth=\count198
LaTeX Info: Redefining \bmod on input line 905.
LaTeX Info: Redefining \pmod on input line 910.
LaTeX Info: Redefining \smash on input line 940.
LaTeX Info: Redefining \relbar on input line 970.
LaTeX Info: Redefining \Relbar on input line 971.
\c@MaxMatrixCols=\count199
\dotsspace@=\muskip16
\c@parentequation=\count266
\dspbrk@lvl=\count267
\tag@help=\toks18
\row@=\count268
\column@=\count269
\maxfields@=\count270
\andhelp@=\toks19
\eqnshift@=\dimen146
\alignsep@=\dimen147
\tagshift@=\dimen148
\tagwidth@=\dimen149
\totwidth@=\dimen150
\lineht@=\dimen151
\@envbody=\toks20
\multlinegap=\skip51
\multlinetaggap=\skip52
\mathdisplay@stack=\toks21
LaTeX Info: Redefining \[ on input line 2953.
LaTeX Info: Redefining \] on input line 2954.
)
(c:/texlive/2023/texmf-dist/tex/latex/geometry/geometry.sty
Package: geometry 2020/01/02 v5.9 Page Geometry

(c:/texlive/2023/texmf-dist/tex/generic/iftex/ifvtex.sty
Package: ifvtex 2019/10/25 v1.7 ifvtex legacy package. Use iftex instead.

(c:/texlive/2023/texmf-dist/tex/generic/iftex/iftex.sty
Package: iftex 2022/02/03 v1.0f TeX engine tests
))
\Gm@cnth=\count271
\Gm@cntv=\count272
\c@Gm@tempcnt=\count273
\Gm@bindingoffset=\dimen152
\Gm@wd@mp=\dimen153
\Gm@odd@mp=\dimen154
\Gm@even@mp=\dimen155
\Gm@layoutwidth=\dimen156
\Gm@layoutheight=\dimen157
\Gm@layouthoffset=\dimen158
\Gm@layoutvoffset=\dimen159
\Gm@dimlist=\toks22
)
(c:/texlive/2023/texmf-dist/tex/latex/gensymb/gensymb.sty
Package: gensymb 2022/10/17 v1.0.2 (KJH)
)
(c:/texlive/2023/texmf-dist/tex/latex/float/float.sty
Package: float 2001/11/08 v1.3d Float enhancements (AL)
\c@float@type=\count274
\float@exts=\toks23
\float@box=\box53
\@float@everytoks=\toks24
\@floatcapt=\box54
)
(c:/texlive/2023/texmf-dist/tex/latex/l3backend/l3backend-pdftex.def
File: l3backend-pdftex.def 2023-04-19 L3 backend support: PDF output (pdfTeX)
\l__color_backend_stack_int=\count275
\l__pdf_internal_box=\box55
)
(C:/Users/Alek/Documents/MultivariableControlSystemsProject/out/Project1Update.
aux)
\openout1 = `Project1Update.aux'.

LaTeX Font Info:    Checking defaults for OML/cmm/m/it on input line 14.
LaTeX Font Info:    ... okay on input line 14.
LaTeX Font Info:    Checking defaults for OMS/cmsy/m/n on input line 14.
LaTeX Font Info:    ... okay on input line 14.
LaTeX Font Info:    Checking defaults for OT1/cmr/m/n on input line 14.
LaTeX Font Info:    ... okay on input line 14.
LaTeX Font Info:    Checking defaults for T1/cmr/m/n on input line 14.
LaTeX Font Info:    ... okay on input line 14.
LaTeX Font Info:    Checking defaults for TS1/cmr/m/n on input line 14.
LaTeX Font Info:    ... okay on input line 14.
LaTeX Font Info:    Checking defaults for OMX/cmex/m/n on input line 14.
LaTeX Font Info:    ... okay on input line 14.
LaTeX Font Info:    Checking defaults for U/cmr/m/n on input line 14.
LaTeX Font Info:    ... okay on input line 14.
 (c:/texlive/2023/texmf-dist/tex/context/base/mkii/supp-pdf.mkii
[Loading MPS to PDF converter (version 2006.09.02).]
\scratchcounter=\count276
\scratchdimen=\dimen160
\scratchbox=\box56
\nofMPsegments=\count277
\nofMParguments=\count278
\everyMPshowfont=\toks25
\MPscratchCnt=\count279
\MPscratchDim=\dimen161
\MPnumerator=\count280
\makeMPintoPDFobject=\count281
\everyMPtoPDFconversion=\toks26
) (c:/texlive/2023/texmf-dist/tex/latex/epstopdf-pkg/epstopdf-base.sty
Package: epstopdf-base 2020-01-24 v2.11 Base part for package epstopdf
Package epstopdf-base Info: Redefining graphics rule for `.eps' on input line 4
85.

(c:/texlive/2023/texmf-dist/tex/latex/latexconfig/epstopdf-sys.cfg
File: epstopdf-sys.cfg 2010/07/13 v1.3 Configuration of (r)epstopdf for TeX Liv
e
))
*geometry* driver: auto-detecting
*geometry* detected driver: pdftex
*geometry* verbose mode - [ preamble ] result:
* driver: pdftex
* paper: <default>
* layout: <same size as paper>
* layoutoffset:(h,v)=(0.0pt,0.0pt)
* modes: 
* h-part:(L,W,R)=(56.9055pt, 500.484pt, 56.9055pt)
* v-part:(T,H,B)=(56.9055pt, 681.15898pt, 56.9055pt)
* \paperwidth=614.295pt
* \paperheight=794.96999pt
* \textwidth=500.484pt
* \textheight=681.15898pt
* \oddsidemargin=-15.36449pt
* \evensidemargin=-15.36449pt
* \topmargin=-52.36449pt
* \headheight=12.0pt
* \headsep=25.0pt
* \topskip=10.0pt
* \footskip=30.0pt
* \marginparwidth=65.0pt
* \marginparsep=11.0pt
* \columnsep=10.0pt
* \skip\footins=9.0pt plus 4.0pt minus 2.0pt
* \hoffset=0.0pt
* \voffset=0.0pt
* \mag=1000
* \@twocolumnfalse
* \@twosidefalse
* \@mparswitchfalse
* \@reversemarginfalse
* (1in=72.27pt=25.4mm, 1cm=28.453pt)

LaTeX Info: Redefining \celsius on input line 14.
Package gensymb Info: Faking symbols for \degree and \celsius on input line 14.


Package gensymb Warning: Not defining \perthousand.

LaTeX Info: Redefining \ohm on input line 14.
Package gensymb Info: Using \Omega for \ohm on input line 14.

Package gensymb Warning: Not defining \micro.


Underfull \hbox (badness 10000) in paragraph at lines 57--58

 []

[1

{c:/texlive/2023/texmf-var/fonts/map/pdftex/updmap/pdftex.map}] [2]
Underfull \hbox (badness 10000) in paragraph at lines 182--195

 []


Underfull \hbox (badness 10000) in paragraph at lines 182--195

 []


Underfull \hbox (badness 10000) in paragraph at lines 197--200

 []

[3] [4{c:/texlive/2023/texmf-dist/fonts/enc/dvips/cm-super/cm-super-ts1.enc}]
[5] [6]
<../SISO_Design_Plots/Dropping_Drone_Model.png, id=35, 270.2898pt x 348.8232pt>

File: ../SISO_Design_Plots/Dropping_Drone_Model.png Graphic file (type png)
<use ../SISO_Design_Plots/Dropping_Drone_Model.png>
Package pdftex.def Info: ../SISO_Design_Plots/Dropping_Drone_Model.png  used on
 input line 437.
(pdftex.def)             Requested size: 270.28914pt x 348.82234pt.


LaTeX Warning: `h' float specifier changed to `ht'.

<../SISO_Design_Plots/Dropping_Drone_Model_Velocity.png, id=36, 200.4288pt x 12
8.1588pt>
File: ../SISO_Design_Plots/Dropping_Drone_Model_Velocity.png Graphic file (type
 png)
<use ../SISO_Design_Plots/Dropping_Drone_Model_Velocity.png>
Package pdftex.def Info: ../SISO_Design_Plots/Dropping_Drone_Model_Velocity.png
  used on input line 444.
(pdftex.def)             Requested size: 200.4283pt x 128.15848pt.
<../SISO_Design_Plots/DesignedGsRlocus.png, id=37, 278.9622pt x 358.4592pt>
File: ../SISO_Design_Plots/DesignedGsRlocus.png Graphic file (type png)
<use ../SISO_Design_Plots/DesignedGsRlocus.png>
Package pdftex.def Info: ../SISO_Design_Plots/DesignedGsRlocus.png  used on inp
ut line 458.
(pdftex.def)             Requested size: 278.96152pt x 358.45831pt.
[7 <C:/Users/Alek/Documents/MultivariableControlSystemsProject/out/../SISO_Desi
gn_Plots/Dropping_Drone_Model_Velocity.png (PNG copy)>] [8 <C:/Users/Alek/Docum
ents/MultivariableControlSystemsProject/out/../SISO_Design_Plots/Dropping_Drone
_Model.png (PNG copy)>]
<../SISO_Design_Plots/DesignedGsBodePlot.png, id=45, 242.3454pt x 360.3864pt>
File: ../SISO_Design_Plots/DesignedGsBodePlot.png Graphic file (type png)
<use ../SISO_Design_Plots/DesignedGsBodePlot.png>
Package pdftex.def Info: ../SISO_Design_Plots/DesignedGsBodePlot.png  used on i
nput line 470.
(pdftex.def)             Requested size: 242.3448pt x 360.38551pt.
 [9 <C:/Users/Alek/Documents/MultivariableControlSystemsProject/out/../SISO_Des
ign_Plots/DesignedGsRlocus.png (PNG copy)>]
<../SISO_Design_Plots/DesignedGsPositionResults.png, id=49, 196.0926pt x 128.15
88pt>
File: ../SISO_Design_Plots/DesignedGsPositionResults.png Graphic file (type png
)
<use ../SISO_Design_Plots/DesignedGsPositionResults.png>
Package pdftex.def Info: ../SISO_Design_Plots/DesignedGsPositionResults.png  us
ed on input line 483.
(pdftex.def)             Requested size: 196.09212pt x 128.15848pt.
<../SISO_Design_Plots/DesignedGsVelocityResults.png, id=50, 202.8378pt x 128.15
88pt>
File: ../SISO_Design_Plots/DesignedGsVelocityResults.png Graphic file (type png
)
<use ../SISO_Design_Plots/DesignedGsVelocityResults.png>
Package pdftex.def Info: ../SISO_Design_Plots/DesignedGsVelocityResults.png  us
ed on input line 490.
(pdftex.def)             Requested size: 202.8373pt x 128.15848pt.
 [10 <C:/Users/Alek/Documents/MultivariableControlSystemsProject/out/../SISO_De
sign_Plots/DesignedGsBodePlot.png (PNG copy)> <C:/Users/Alek/Documents/Multivar
iableControlSystemsProject/out/../SISO_Design_Plots/DesignedGsPositionResults.p
ng (PNG copy)>]
<../SISO_Design_Plots/DesignedGsAccelerationResults.png, id=54, 202.8378pt x 12
8.1588pt>
File: ../SISO_Design_Plots/DesignedGsAccelerationResults.png Graphic file (type
 png)
<use ../SISO_Design_Plots/DesignedGsAccelerationResults.png>
Package pdftex.def Info: ../SISO_Design_Plots/DesignedGsAccelerationResults.png
  used on input line 497.
(pdftex.def)             Requested size: 202.8373pt x 128.15848pt.
<../SISO_Design_Plots/FullStateFBKBodePlot.png, id=55, 249.5724pt x 360.3864pt>

File: ../SISO_Design_Plots/FullStateFBKBodePlot.png Graphic file (type png)
<use ../SISO_Design_Plots/FullStateFBKBodePlot.png>
Package pdftex.def Info: ../SISO_Design_Plots/FullStateFBKBodePlot.png  used on
 input line 519.
(pdftex.def)             Requested size: 249.57178pt x 360.38551pt.
 [11 <C:/Users/Alek/Documents/MultivariableControlSystemsProject/out/../SISO_De
sign_Plots/DesignedGsVelocityResults.png (PNG copy)> <C:/Users/Alek/Documents/M
ultivariableControlSystemsProject/out/../SISO_Design_Plots/DesignedGsAccelerati
onResults.png (PNG copy)>]
<../SISO_Design_Plots/FullStateFBKPositionResults.png, id=59, 202.8378pt x 128.
1588pt>
File: ../SISO_Design_Plots/FullStateFBKPositionResults.png Graphic file (type p
ng)
<use ../SISO_Design_Plots/FullStateFBKPositionResults.png>
Package pdftex.def Info: ../SISO_Design_Plots/FullStateFBKPositionResults.png  
used on input line 532.
(pdftex.def)             Requested size: 202.8373pt x 128.15848pt.
<../SISO_Design_Plots/FullStateFBKVelocityResults.png, id=60, 198.9834pt x 128.
1588pt>
File: ../SISO_Design_Plots/FullStateFBKVelocityResults.png Graphic file (type p
ng)
<use ../SISO_Design_Plots/FullStateFBKVelocityResults.png>
Package pdftex.def Info: ../SISO_Design_Plots/FullStateFBKVelocityResults.png  
used on input line 539.
(pdftex.def)             Requested size: 198.98291pt x 128.15848pt.
 [12 <C:/Users/Alek/Documents/MultivariableControlSystemsProject/out/../SISO_De
sign_Plots/FullStateFBKBodePlot.png (PNG copy)> <C:/Users/Alek/Documents/Multiv
ariableControlSystemsProject/out/../SISO_Design_Plots/FullStateFBKPositionResul
ts.png (PNG copy)>]
<../SISO_Design_Plots/FullStateFBKInputResults.png, id=64, 202.8378pt x 128.158
8pt>
File: ../SISO_Design_Plots/FullStateFBKInputResults.png Graphic file (type png)

<use ../SISO_Design_Plots/FullStateFBKInputResults.png>
Package pdftex.def Info: ../SISO_Design_Plots/FullStateFBKInputResults.png  use
d on input line 546.
(pdftex.def)             Requested size: 202.8373pt x 128.15848pt.
<../SISO_Design_Plots/FullStateFBKObserverResults.png, id=65, 202.8378pt x 128.
1588pt>
File: ../SISO_Design_Plots/FullStateFBKObserverResults.png Graphic file (type p
ng)
<use ../SISO_Design_Plots/FullStateFBKObserverResults.png>
Package pdftex.def Info: ../SISO_Design_Plots/FullStateFBKObserverResults.png  
used on input line 562.
(pdftex.def)             Requested size: 202.8373pt x 128.15848pt.
<../SISO_Design_Plots/PIDRlocus.png, id=66, 265.4718pt x 358.4592pt>
File: ../SISO_Design_Plots/PIDRlocus.png Graphic file (type png)
<use ../SISO_Design_Plots/PIDRlocus.png>
Package pdftex.def Info: ../SISO_Design_Plots/PIDRlocus.png  used on input line
 576.
(pdftex.def)             Requested size: 265.47115pt x 358.45831pt.
 [13 <C:/Users/Alek/Documents/MultivariableControlSystemsProject/out/../SISO_De
sign_Plots/FullStateFBKVelocityResults.png (PNG copy)> <C:/Users/Alek/Documents
/MultivariableControlSystemsProject/out/../SISO_Design_Plots/FullStateFBKInputR
esults.png (PNG copy)> <C:/Users/Alek/Documents/MultivariableControlSystemsProj
ect/out/../SISO_Design_Plots/FullStateFBKObserverResults.png (PNG copy)>]
<../SISO_Design_Plots/PIDBodePlot.png, id=71, 249.5724pt x 360.3864pt>
File: ../SISO_Design_Plots/PIDBodePlot.png Graphic file (type png)
<use ../SISO_Design_Plots/PIDBodePlot.png>
Package pdftex.def Info: ../SISO_Design_Plots/PIDBodePlot.png  used on input li
ne 583.
(pdftex.def)             Requested size: 249.57178pt x 360.38551pt.
 [14 <C:/Users/Alek/Documents/MultivariableControlSystemsProject/out/../SISO_De
sign_Plots/PIDRlocus.png (PNG copy)>]
<../SISO_Design_Plots/PIDPositionResults.png, id=75, 196.5744pt x 129.6042pt>
File: ../SISO_Design_Plots/PIDPositionResults.png Graphic file (type png)
<use ../SISO_Design_Plots/PIDPositionResults.png>
Package pdftex.def Info: ../SISO_Design_Plots/PIDPositionResults.png  used on i
nput line 605.
(pdftex.def)             Requested size: 196.57391pt x 129.60387pt.

[15 <C:/Users/Alek/Documents/MultivariableControlSystemsProject/out/../SISO_Des
ign_Plots/PIDBodePlot.png (PNG copy)>]
<../SISO_Design_Plots/PID_VelocityResults.png, id=79, 191.7564pt x 129.6042pt>
File: ../SISO_Design_Plots/PID_VelocityResults.png Graphic file (type png)
<use ../SISO_Design_Plots/PID_VelocityResults.png>
Package pdftex.def Info: ../SISO_Design_Plots/PID_VelocityResults.png  used on 
input line 612.
(pdftex.def)             Requested size: 191.7559pt x 129.60387pt.
<../SISO_Design_Plots/PIDInputResults.png, id=80, 199.4652pt x 129.6042pt>
File: ../SISO_Design_Plots/PIDInputResults.png Graphic file (type png)
<use ../SISO_Design_Plots/PIDInputResults.png>
Package pdftex.def Info: ../SISO_Design_Plots/PIDInputResults.png  used on inpu
t line 619.
(pdftex.def)             Requested size: 199.4647pt x 129.60387pt.

Underfull \hbox (badness 10000) in paragraph at lines 632--635

 []

[16 <C:/Users/Alek/Documents/MultivariableControlSystemsProject/out/../SISO_Des
ign_Plots/PIDPositionResults.png (PNG copy)> <C:/Users/Alek/Documents/Multivari
ableControlSystemsProject/out/../SISO_Design_Plots/PID_VelocityResults.png (PNG
 copy)> <C:/Users/Alek/Documents/MultivariableControlSystemsProject/out/../SISO
_Design_Plots/PIDInputResults.png (PNG copy)>]
(C:/Users/Alek/Documents/MultivariableControlSystemsProject/out/Project1Update.
aux) ) 
Here is how much of TeX's memory you used:
 2988 strings out of 476038
 54017 string characters out of 5794168
 1873779 words of memory out of 5000000
 23407 multiletter control sequences out of 15000+600000
 517697 words of font info for 51 fonts, out of 8000000 for 9000
 1141 hyphenation exceptions out of 8191
 57i,15n,62p,286b,225s stack positions out of 10000i,1000n,20000p,200000b,200000s
<c:/texlive/2023/texmf-dist/fonts/type1/public/amsfonts/cm/cmbx12.pfb><c:
/texlive/2023/texmf-dist/fonts/type1/public/amsfonts/cm/cmex10.pfb><c:/texlive/
2023/texmf-dist/fonts/type1/public/amsfonts/cmextra/cmex7.pfb><c:/texlive/2023/
texmf-dist/fonts/type1/public/amsfonts/cm/cmmi10.pfb><c:/texlive/2023/texmf-dis
t/fonts/type1/public/amsfonts/cm/cmmi5.pfb><c:/texlive/2023/texmf-dist/fonts/ty
pe1/public/amsfonts/cm/cmmi7.pfb><c:/texlive/2023/texmf-dist/fonts/type1/public
/amsfonts/cm/cmr10.pfb><c:/texlive/2023/texmf-dist/fonts/type1/public/amsfonts/
cm/cmr12.pfb><c:/texlive/2023/texmf-dist/fonts/type1/public/amsfonts/cm/cmr17.p
fb><c:/texlive/2023/texmf-dist/fonts/type1/public/amsfonts/cm/cmr5.pfb><c:/texl
ive/2023/texmf-dist/fonts/type1/public/amsfonts/cm/cmr7.pfb><c:/texlive/2023/te
xmf-dist/fonts/type1/public/amsfonts/cm/cmsy10.pfb><c:/texlive/2023/texmf-dist/
fonts/type1/public/amsfonts/cm/cmsy7.pfb><c:/texlive/2023/texmf-dist/fonts/type
1/public/cm-super/sfrm1000.pfb>
Output written on C:/Users/Alek/Documents/MultivariableControlSystemsProject/ou
t/Project1Update.pdf (16 pages, 596348 bytes).
PDF statistics:
 144 PDF objects out of 1000 (max. 8388607)
 80 compressed objects within 1 object stream
 0 named destinations out of 1000 (max. 500000)
 86 words of extra memory for PDF output out of 10000 (max. 10000000)

